[debug] [2026-07-20T15:32:31.617Z] ----------------------------------------------------------------------
[debug] [2026-07-20T15:32:31.621Z] Command:       C:\Program Files\nodejs\node.exe C:\Users\mikoe\AppData\Roaming\npm\node_modules\firebase-tools\lib\bin\firebase.js login --reauth
[debug] [2026-07-20T15:32:31.621Z] CLI Version:   15.19.0
[debug] [2026-07-20T15:32:31.621Z] Platform:      win32
[debug] [2026-07-20T15:32:31.622Z] Node Version:  v25.0.0
[debug] [2026-07-20T15:32:31.622Z] Time:          Mon Jul 20 2026 22:32:31 GMT+0700 (Western Indonesia Time)
[debug] [2026-07-20T15:32:31.622Z] ----------------------------------------------------------------------
[debug] 
[debug] [2026-07-20T15:32:31.627Z] >>> [apiv2][query] GET https://firebase-public.firebaseio.com/cli.json [none]
[info] 
[info] Visit this URL on this device to log in:
[info] https://accounts.google.com/o/oauth2/auth?client_id=563584335869-fgrhgmd47bqnekij5i8b5pr03ho849e6.apps.googleusercontent.com&scope=email%20openid%20https%3A%2F%2Fwww.googleapis.com%2Fauth%2Fcloudplatformprojects.readonly%20https%3A%2F%2Fwww.googleapis.com%2Fauth%2Ffirebase%20https%3A%2F%2Fwww.googleapis.com%2Fauth%2Fcloud-platform&response_type=code&state=20563852&redirect_uri=http%3A%2F%2Flocalhost%3A9005&login_hint=mikoewp1982%40gmail.com
[info] 
[info] Waiting for authentication...
[debug] [2026-07-20T15:32:31.975Z] Error: spawn cmd ENOENT
    at ChildProcess._handle.onexit (node:internal/child_process:285:19)
    at onErrorNT (node:internal/child_process:483:16)
    at process.processTicksAndRejections (node:internal/process/task_queues:89:21)
[error] 
[error] Error: An unexpected error has occurred.
[debug] [2026-07-20T15:33:10.776Z] ----------------------------------------------------------------------
[debug] [2026-07-20T15:33:10.781Z] Command:       C:\Program Files\nodejs\node.exe C:\Users\mikoe\AppData\Roaming\npm\node_modules\firebase-tools\lib\bin\firebase.js login --reauth
[debug] [2026-07-20T15:33:10.781Z] CLI Version:   15.19.0
[debug] [2026-07-20T15:33:10.781Z] Platform:      win32
[debug] [2026-07-20T15:33:10.782Z] Node Version:  v25.0.0
[debug] [2026-07-20T15:33:10.782Z] Time:          Mon Jul 20 2026 22:33:10 GMT+0700 (Western Indonesia Time)
[debug] [2026-07-20T15:33:10.782Z] ----------------------------------------------------------------------
[debug] 
[debug] [2026-07-20T15:33:10.786Z] >>> [apiv2][query] GET https://firebase-public.firebaseio.com/cli.json [none]
[info] 
[info] Visit this URL on this device to log in:
[info] https://accounts.google.com/o/oauth2/auth?client_id=563584335869-fgrhgmd47bqnekij5i8b5pr03ho849e6.apps.googleusercontent.com&scope=email%20openid%20https%3A%2F%2Fwww.googleapis.com%2Fauth%2Fcloudplatformprojects.readonly%20https%3A%2F%2Fwww.googleapis.com%2Fauth%2Ffirebase%20https%3A%2F%2Fwww.googleapis.com%2Fauth%2Fcloud-platform&response_type=code&state=170160561&redirect_uri=http%3A%2F%2Flocalhost%3A9005&login_hint=mikoewp1982%40gmail.com
[info] 
[info] Waiting for authentication...
[debug] [2026-07-20T15:33:11.145Z] Error: spawn cmd ENOENT
    at ChildProcess._handle.onexit (node:internal/child_process:285:19)
    at onErrorNT (node:internal/child_process:483:16)
    at process.processTicksAndRejections (node:internal/process/task_queues:89:21)
[error] 
[error] Error: An unexpected error has occurred.
